<?xml version="1.0" encoding="UTF-8"?>
<!-- Generated by org.testng.reporters.JUnitXMLReporter -->
<testsuite hostname="ISS-L-269" ignored="0" name="Default test" tests="4" failures="0" timestamp="08 Jun 2026 05:59:03 GMT" time="169.862" errors="0">
  <testcase name="CarbookingCA" time="52.381" classname="org.CancellationPolicy.CarCancellation"/>
  <testcase name="Ticketing" time="24.238" classname="org.CancellationPolicy.CarCancellation"/>
  <testcase name="CarCencellationbyCA" time="36.107" classname="org.CancellationPolicy.CarCancellation"/>
  <testcase name="CancellationConfirmbyCU" time="24.779" classname="org.CancellationPolicy.CarCancellation"/>
</testsuite> <!-- Default test -->
