<?xml version="1.0" encoding="UTF-8"?>
<testng-results skipped="0" failed="0" ignored="0" total="4" passed="4">
  <reporter-output>
  </reporter-output>
  <suite name="Default suite" duration-ms="169862" started-at="2026-06-08T05:56:14Z" finished-at="2026-06-08T05:59:03Z">
    <groups>
    </groups>
    <test name="Default test" duration-ms="169862" started-at="2026-06-08T05:56:14Z" finished-at="2026-06-08T05:59:03Z">
      <class name="org.CancellationPolicy.CarCancellation">
        <test-method status="PASS" signature="beforetest()[pri:0, instance:org.CancellationPolicy.CarCancellation@7791a895]" name="beforetest" is-config="true" duration-ms="8063" started-at="2026-06-08T11:26:14Z" finished-at="2026-06-08T11:26:22Z">
          <reporter-output>
          </reporter-output>
        </test-method> <!-- beforetest -->
        <test-method status="PASS" signature="CarbookingCA()[pri:1, instance:org.CancellationPolicy.CarCancellation@7791a895]" name="CarbookingCA" duration-ms="52381" started-at="2026-06-08T11:26:22Z" finished-at="2026-06-08T11:27:14Z">
          <reporter-output>
          </reporter-output>
        </test-method> <!-- CarbookingCA -->
        <test-method status="PASS" signature="Aftertest(org.testng.ITestResult)[pri:0, instance:org.CancellationPolicy.CarCancellation@7791a895]" name="Aftertest" is-config="true" duration-ms="1187" started-at="2026-06-08T11:27:14Z" finished-at="2026-06-08T11:27:15Z">
          <params>
            <param index="0">
              <value>
                <![CDATA[[TestResult name=CarbookingCA status=SUCCESS method=CarCancellation.CarbookingCA()[pri:1, instance:org.CancellationPolicy.CarCancellation@7791a895] output={null}]]]>
              </value>
            </param>
          </params>
          <reporter-output>
          </reporter-output>
        </test-method> <!-- Aftertest -->
        <test-method status="PASS" signature="beforetest()[pri:0, instance:org.CancellationPolicy.CarCancellation@7791a895]" name="beforetest" is-config="true" duration-ms="5794" started-at="2026-06-08T11:27:15Z" finished-at="2026-06-08T11:27:21Z">
          <reporter-output>
          </reporter-output>
        </test-method> <!-- beforetest -->
        <test-method status="PASS" signature="Ticketing()[pri:2, instance:org.CancellationPolicy.CarCancellation@7791a895]" name="Ticketing" duration-ms="24238" started-at="2026-06-08T11:27:21Z" finished-at="2026-06-08T11:27:45Z">
          <reporter-output>
          </reporter-output>
        </test-method> <!-- Ticketing -->
        <test-method status="PASS" signature="Aftertest(org.testng.ITestResult)[pri:0, instance:org.CancellationPolicy.CarCancellation@7791a895]" name="Aftertest" is-config="true" duration-ms="1284" started-at="2026-06-08T11:27:45Z" finished-at="2026-06-08T11:27:47Z">
          <params>
            <param index="0">
              <value>
                <![CDATA[[TestResult name=Ticketing status=SUCCESS method=CarCancellation.Ticketing()[pri:2, instance:org.CancellationPolicy.CarCancellation@7791a895] output={null}]]]>
              </value>
            </param>
          </params>
          <reporter-output>
          </reporter-output>
        </test-method> <!-- Aftertest -->
        <test-method status="PASS" signature="beforetest()[pri:0, instance:org.CancellationPolicy.CarCancellation@7791a895]" name="beforetest" is-config="true" duration-ms="6732" started-at="2026-06-08T11:27:47Z" finished-at="2026-06-08T11:27:53Z">
          <reporter-output>
          </reporter-output>
        </test-method> <!-- beforetest -->
        <test-method status="PASS" signature="CarCencellationbyCA()[pri:3, instance:org.CancellationPolicy.CarCancellation@7791a895]" name="CarCencellationbyCA" duration-ms="36107" started-at="2026-06-08T11:27:53Z" finished-at="2026-06-08T11:28:29Z">
          <reporter-output>
          </reporter-output>
        </test-method> <!-- CarCencellationbyCA -->
        <test-method status="PASS" signature="Aftertest(org.testng.ITestResult)[pri:0, instance:org.CancellationPolicy.CarCancellation@7791a895]" name="Aftertest" is-config="true" duration-ms="1182" started-at="2026-06-08T11:28:29Z" finished-at="2026-06-08T11:28:31Z">
          <params>
            <param index="0">
              <value>
                <![CDATA[[TestResult name=CarCencellationbyCA status=SUCCESS method=CarCancellation.CarCencellationbyCA()[pri:3, instance:org.CancellationPolicy.CarCancellation@7791a895] output={null}]]]>
              </value>
            </param>
          </params>
          <reporter-output>
          </reporter-output>
        </test-method> <!-- Aftertest -->
        <test-method status="PASS" signature="beforetest()[pri:0, instance:org.CancellationPolicy.CarCancellation@7791a895]" name="beforetest" is-config="true" duration-ms="6679" started-at="2026-06-08T11:28:31Z" finished-at="2026-06-08T11:28:37Z">
          <reporter-output>
          </reporter-output>
        </test-method> <!-- beforetest -->
        <test-method status="PASS" signature="CancellationConfirmbyCU()[pri:4, instance:org.CancellationPolicy.CarCancellation@7791a895]" name="CancellationConfirmbyCU" duration-ms="24779" started-at="2026-06-08T11:28:37Z" finished-at="2026-06-08T11:29:02Z">
          <reporter-output>
          </reporter-output>
        </test-method> <!-- CancellationConfirmbyCU -->
        <test-method status="PASS" signature="Aftertest(org.testng.ITestResult)[pri:0, instance:org.CancellationPolicy.CarCancellation@7791a895]" name="Aftertest" is-config="true" duration-ms="1400" started-at="2026-06-08T11:29:02Z" finished-at="2026-06-08T11:29:03Z">
          <params>
            <param index="0">
              <value>
                <![CDATA[[TestResult name=CancellationConfirmbyCU status=SUCCESS method=CarCancellation.CancellationConfirmbyCU()[pri:4, instance:org.CancellationPolicy.CarCancellation@7791a895] output={null}]]]>
              </value>
            </param>
          </params>
          <reporter-output>
          </reporter-output>
        </test-method> <!-- Aftertest -->
      </class> <!-- org.CancellationPolicy.CarCancellation -->
    </test> <!-- Default test -->
  </suite> <!-- Default suite -->
</testng-results>
