<?xml version="1.0" encoding="UTF-8"?>
<!-- Generated by org.testng.reporters.JUnitReportReporter -->
<testsuite name="org.Hotelbookings.HotelbookingbyCU" tests="2" time="134.857" ignored="0" failures="0" timestamp="07 May 2026 12:17:16 GMT" skipped="0" hostname="ISS-L-269" errors="0">
  <testcase name="ApprovetheBooking" time="64.041" classname="org.Hotelbookings.HotelbookingbyCU"/>
  <testcase name="HotelbookingCA" time="70.816" classname="org.Hotelbookings.HotelbookingbyCU"/>
</testsuite> <!-- org.Hotelbookings.HotelbookingbyCU -->
