<?xml version="1.0" encoding="UTF-8"?>
<!-- Generated by org.testng.reporters.JUnitReportReporter -->
<testsuite name="org.InsuranceBookings.InsuranceBookingbyCU" tests="3" time="148.856" ignored="0" failures="0" timestamp="04 Jun 2026 11:06:24 GMT" skipped="0" hostname="ISS-L-269" errors="0">
  <testcase name="Ticketing" time="25.705" classname="org.InsuranceBookings.InsuranceBookingbyCU"/>
  <testcase name="InsurancebookingCU" time="71.952" classname="org.InsuranceBookings.InsuranceBookingbyCU"/>
  <testcase name="ApprovetheBooking" time="51.199" classname="org.InsuranceBookings.InsuranceBookingbyCU"/>
</testsuite> <!-- org.InsuranceBookings.InsuranceBookingbyCU -->
