<?xml version="1.0" encoding="UTF-8"?>
<!-- Generated by org.testng.reporters.JUnitReportReporter -->
<testsuite name="org.FlightBookings.DomesticRoundTripbyCU" tests="2" time="235.464" ignored="0" failures="0" timestamp="08 May 2026 13:45:28 GMT" skipped="0" hostname="ISS-L-269" errors="0">
  <testcase name="ApprovetheRequest" time="129.448" classname="org.FlightBookings.DomesticRoundTripbyCU"/>
  <testcase name="AirRTdomesticbooking" time="106.016" classname="org.FlightBookings.DomesticRoundTripbyCU"/>
</testsuite> <!-- org.FlightBookings.DomesticRoundTripbyCU -->
