<?xml version="1.0" encoding="UTF-8"?>
<!-- Generated by org.testng.reporters.JUnitReportReporter -->
<testsuite name="org.GeneralScenarios.TC_13_VisabookingbyCA" tests="2" time="174.508" ignored="0" failures="0" timestamp="19 Jun 2026 13:25:52 GMT" skipped="0" hostname="ISS-L-269" errors="0">
  <testcase name="CarbookingCA" time="148.057" classname="org.GeneralScenarios.TC_13_VisabookingbyCA"/>
  <testcase name="Ticketing" time="26.451" classname="org.GeneralScenarios.TC_13_VisabookingbyCA"/>
</testsuite> <!-- org.GeneralScenarios.TC_13_VisabookingbyCA -->
