<?xml version="1.0" encoding="UTF-8"?>
<!-- Generated by org.testng.reporters.JUnitReportReporter -->
<testsuite name="org.CancellationPolicy.CarCancellation" tests="4" time="169.826" ignored="0" failures="0" timestamp="08 Jun 2026 05:59:03 GMT" skipped="0" hostname="ISS-L-269" errors="0">
  <testcase name="CancellationConfirmbyCU" time="34.029" classname="org.CancellationPolicy.CarCancellation"/>
  <testcase name="Ticketing" time="31.214" classname="org.CancellationPolicy.CarCancellation"/>
  <testcase name="CarCencellationbyCA" time="44.070" classname="org.CancellationPolicy.CarCancellation"/>
  <testcase name="CarbookingCA" time="60.513" classname="org.CancellationPolicy.CarCancellation"/>
</testsuite> <!-- org.CancellationPolicy.CarCancellation -->
