<?xml version="1.0" encoding="UTF-8"?>
<!-- Generated by org.testng.reporters.JUnitReportReporter -->
<testsuite name="org.FlightBookings.InternationalOnewaybyCU" tests="2" time="149.614" ignored="0" failures="0" timestamp="08 May 2026 05:21:08 GMT" skipped="0" hostname="ISS-L-269" errors="0">
  <testcase name="AirOWInternationalbooking" time="86.957" classname="org.FlightBookings.InternationalOnewaybyCU"/>
  <testcase name="ApprovetheRequest" time="62.657" classname="org.FlightBookings.InternationalOnewaybyCU"/>
</testsuite> <!-- org.FlightBookings.InternationalOnewaybyCU -->
