<?xml version="1.0" encoding="UTF-8"?>
<!-- Generated by org.testng.reporters.JUnitReportReporter -->
<testsuite name="org.CarBooking.CarbookingbyCU" tests="2" time="71.252" ignored="0" failures="0" timestamp="08 May 2026 13:32:18 GMT" skipped="0" hostname="ISS-L-269" errors="0">
  <testcase name="ApprovetheBooking" time="35.243" classname="org.CarBooking.CarbookingbyCU"/>
  <testcase name="CarbookingCU" time="36.009" classname="org.CarBooking.CarbookingbyCU"/>
</testsuite> <!-- org.CarBooking.CarbookingbyCU -->
