<?xml version="1.0" encoding="UTF-8"?>
<!-- Generated by org.testng.reporters.JUnitReportReporter -->
<testsuite name="org.CancellationPolicy.AirDomesticOWCancellation" tests="4" time="331.668" ignored="0" failures="0" timestamp="04 Jun 2026 13:52:24 GMT" skipped="0" hostname="ISS-L-269" errors="0">
  <testcase name="CancellationConfirmbyCU" time="35.030" classname="org.CancellationPolicy.AirDomesticOWCancellation"/>
  <testcase name="Ticketing" time="86.162" classname="org.CancellationPolicy.AirDomesticOWCancellation"/>
  <testcase name="AirOWdomesticbooking" time="163.203" classname="org.CancellationPolicy.AirDomesticOWCancellation"/>
  <testcase name="AirCencellationbyCA" time="47.273" classname="org.CancellationPolicy.AirDomesticOWCancellation"/>
</testsuite> <!-- org.CancellationPolicy.AirDomesticOWCancellation -->
