<?xml version="1.0" encoding="UTF-8"?>
<!-- Generated by org.testng.reporters.JUnitReportReporter -->
<testsuite name="org.CancellationPolicy.CarCancellation" tests="4" time="162.503" ignored="0" failures="0" timestamp="04 Jun 2026 08:22:15 GMT" skipped="0" hostname="ISS-L-269" errors="0">
  <testcase name="Ticketing" time="31.167" classname="org.CancellationPolicy.CarCancellation"/>
  <testcase name="CancellationConfirmbyCU" time="30.577" classname="org.CancellationPolicy.CarCancellation"/>
  <testcase name="CarbookingCA" time="58.988" classname="org.CancellationPolicy.CarCancellation"/>
  <testcase name="CarCencellationbyCA" time="41.771" classname="org.CancellationPolicy.CarCancellation"/>
</testsuite> <!-- org.CancellationPolicy.CarCancellation -->
