<?xml version="1.0" encoding="UTF-8"?>
<!-- Generated by org.testng.reporters.JUnitReportReporter -->
<testsuite name="org.FlightBookings.DomesticOnewaybyCU" tests="2" time="132.360" ignored="0" failures="0" timestamp="08 May 2026 13:37:22 GMT" skipped="0" hostname="ISS-L-269" errors="0">
  <testcase name="ApprovetheRequest" time="60.414" classname="org.FlightBookings.DomesticOnewaybyCU"/>
  <testcase name="AirOWdomesticbooking" time="71.946" classname="org.FlightBookings.DomesticOnewaybyCU"/>
</testsuite> <!-- org.FlightBookings.DomesticOnewaybyCU -->
