<?xml version="1.0" encoding="UTF-8"?>
<!-- Generated by org.testng.reporters.JUnitReportReporter -->
<testsuite name="org.VisaBooking.VisabookingbyCU" tests="3" time="128.841" ignored="0" failures="0" timestamp="21 May 2026 13:10:02 GMT" skipped="0" hostname="ISS-L-269" errors="0">
  <testcase name="ApprovetheBooking" time="45.504" classname="org.VisaBooking.VisabookingbyCU"/>
  <testcase name="visabookingCU" time="58.027" classname="org.VisaBooking.VisabookingbyCU"/>
  <testcase name="Ticketing" time="25.310" classname="org.VisaBooking.VisabookingbyCU"/>
</testsuite> <!-- org.VisaBooking.VisabookingbyCU -->
