<?xml version="1.0" encoding="UTF-8"?>
<!-- Generated by org.testng.reporters.JUnitReportReporter -->
<testsuite name="org.GeneralScenarios.TC_09_HotelbookingbyCAuser" tests="2" time="162.667" ignored="0" failures="0" timestamp="19 Jun 2026 13:17:49 GMT" skipped="0" hostname="ISS-L-269" errors="0">
  <testcase name="HotelbookingCA" time="139.438" classname="org.GeneralScenarios.TC_09_HotelbookingbyCAuser"/>
  <testcase name="Ticketing" time="23.229" classname="org.GeneralScenarios.TC_09_HotelbookingbyCAuser"/>
</testsuite> <!-- org.GeneralScenarios.TC_09_HotelbookingbyCAuser -->
