<?xml version="1.0" encoding="UTF-8"?>
<!-- Generated by org.testng.reporters.JUnitReportReporter -->
<testsuite name="org.InsuranceBookings.InsuranceBookingbyCU" tests="3" time="112.041" ignored="0" failures="0" timestamp="21 May 2026 11:22:49 GMT" skipped="0" hostname="ISS-L-269" errors="0">
  <testcase name="Ticketing" time="20.409" classname="org.InsuranceBookings.InsuranceBookingbyCU"/>
  <testcase name="ApprovetheBooking" time="40.656" classname="org.InsuranceBookings.InsuranceBookingbyCU"/>
  <testcase name="visabookingCU" time="50.976" classname="org.InsuranceBookings.InsuranceBookingbyCU"/>
</testsuite> <!-- org.InsuranceBookings.InsuranceBookingbyCU -->
