<?xml version="1.0" encoding="UTF-8"?>
<!-- Generated by org.testng.reporters.JUnitReportReporter -->
<testsuite name="org.VisaBooking.VisabookingbyCU" tests="2" time="94.878" ignored="0" failures="0" timestamp="08 May 2026 11:24:31 GMT" skipped="0" hostname="ISS-L-269" errors="0">
  <testcase name="ApprovetheBooking" time="40.523" classname="org.VisaBooking.VisabookingbyCU"/>
  <testcase name="visabookingCU" time="54.355" classname="org.VisaBooking.VisabookingbyCU"/>
</testsuite> <!-- org.VisaBooking.VisabookingbyCU -->
