<?xml version="1.0" encoding="UTF-8"?>
<!-- Generated by org.testng.reporters.JUnitReportReporter -->
<testsuite name="org.CarBooking.CarbookingbyCU" tests="2" time="70.584" ignored="0" failures="0" timestamp="08 May 2026 07:38:49 GMT" skipped="0" hostname="ISS-L-269" errors="0">
  <testcase name="ApprovetheBooking" time="34.804" classname="org.CarBooking.CarbookingbyCU"/>
  <testcase name="CarbookingCU" time="35.780" classname="org.CarBooking.CarbookingbyCU"/>
</testsuite> <!-- org.CarBooking.CarbookingbyCU -->
