<?xml version="1.0" encoding="UTF-8"?>
<!-- Generated by org.testng.reporters.JUnitReportReporter -->
<testsuite name="org.Hotelbookings.HotelbookingbyCU" tests="2" time="111.470" ignored="0" failures="0" timestamp="25 May 2026 12:46:43 GMT" skipped="0" hostname="ISS-L-269" errors="0">
  <testcase name="ApprovetheBooking" time="83.463" classname="org.Hotelbookings.HotelbookingbyCU"/>
  <testcase name="Ticketing" time="28.007" classname="org.Hotelbookings.HotelbookingbyCU"/>
</testsuite> <!-- org.Hotelbookings.HotelbookingbyCU -->
