<?xml version="1.0" encoding="UTF-8"?>
<!-- Generated by org.testng.reporters.JUnitReportReporter -->
<testsuite name="org.FlightBookings.DomesticRoundTripbyCU" tests="2" time="199.117" ignored="0" failures="0" timestamp="06 May 2026 12:44:46 GMT" skipped="0" hostname="ISS-L-269" errors="0">
  <testcase name="ApprovetheRequest" time="87.360" classname="org.FlightBookings.DomesticRoundTripbyCU"/>
  <testcase name="AirRTdomesticbooking" time="111.757" classname="org.FlightBookings.DomesticRoundTripbyCU"/>
</testsuite> <!-- org.FlightBookings.DomesticRoundTripbyCU -->
