<?xml version="1.0" encoding="UTF-8"?>
<!-- Generated by org.testng.reporters.JUnitReportReporter -->
<testsuite name="org.CorporateCreationandMapping.CreateCorporateAndMap" tests="4" time="100.175" ignored="0" failures="0" timestamp="02 Jun 2026 10:39:16 GMT" skipped="0" hostname="ISS-L-269" errors="0">
  <testcase name="CreateCorporate" time="33.098" classname="org.CorporateCreationandMapping.CreateCorporateAndMap"/>
  <testcase name="MapBilTo" time="19.577" classname="org.CorporateCreationandMapping.CreateCorporateAndMap"/>
  <testcase name="MapGST" time="18.985" classname="org.CorporateCreationandMapping.CreateCorporateAndMap"/>
  <testcase name="ApproveTheCorporate" time="28.515" classname="org.CorporateCreationandMapping.CreateCorporateAndMap"/>
</testsuite> <!-- org.CorporateCreationandMapping.CreateCorporateAndMap -->
