<?xml version="1.0" encoding="UTF-8"?>
<!-- Generated by org.testng.reporters.JUnitReportReporter -->
<testsuite name="org.FlightBookings.InternationalRoundTripCU" tests="2" time="158.329" ignored="0" failures="0" timestamp="07 May 2026 14:29:25 GMT" skipped="0" hostname="ISS-L-269" errors="0">
  <testcase name="ApprovetheRequest" time="66.720" classname="org.FlightBookings.InternationalRoundTripCU"/>
  <testcase name="AirRTInternationalbooking" time="91.609" classname="org.FlightBookings.InternationalRoundTripCU"/>
</testsuite> <!-- org.FlightBookings.InternationalRoundTripCU -->
