<?xml version="1.0" encoding="UTF-8"?>
<!-- Generated by org.testng.reporters.JUnitReportReporter -->
<testsuite name="org.CombinationBooking.CombinationbookingbyCA" tests="3" time="411.751" ignored="0" failures="0" timestamp="25 May 2026 13:34:19 GMT" skipped="0" hostname="ISS-L-269" errors="0">
  <testcase name="AirOWdomesticbooking" time="230.947" classname="org.CombinationBooking.CombinationbookingbyCA"/>
  <testcase name="StatusCheck" time="18.184" classname="org.CombinationBooking.CombinationbookingbyCA"/>
  <testcase name="Ticketing" time="162.620" classname="org.CombinationBooking.CombinationbookingbyCA"/>
</testsuite> <!-- org.CombinationBooking.CombinationbookingbyCA -->
