<?xml version="1.0" encoding="UTF-8"?>
<!-- Generated by org.testng.reporters.JUnitReportReporter -->
<testsuite name="org.FlightBookings.InternationalRoundTripCU" tests="2" time="180.380" ignored="0" failures="0" timestamp="11 May 2026 05:13:59 GMT" skipped="0" hostname="ISS-L-269" errors="0">
  <testcase name="ApprovetheRequest" time="55.725" classname="org.FlightBookings.InternationalRoundTripCU"/>
  <testcase name="AirRTInternationalbooking" time="124.655" classname="org.FlightBookings.InternationalRoundTripCU"/>
</testsuite> <!-- org.FlightBookings.InternationalRoundTripCU -->
