<?xml version="1.0" encoding="UTF-8"?>
<!-- Generated by org.testng.reporters.JUnitReportReporter -->
<testsuite name="org.CancellationPolicy.AirDomesticOWAllpassengerCancellation" tests="4" time="330.973" ignored="0" failures="0" timestamp="04 Jun 2026 14:06:47 GMT" skipped="0" hostname="ISS-L-269" errors="0">
  <testcase name="AirCencellationbyCA" time="48.564" classname="org.CancellationPolicy.AirDomesticOWAllpassengerCancellation"/>
  <testcase name="CancellationConfirmbyCU" time="34.666" classname="org.CancellationPolicy.AirDomesticOWAllpassengerCancellation"/>
  <testcase name="AirOWdomesticbooking" time="159.325" classname="org.CancellationPolicy.AirDomesticOWAllpassengerCancellation"/>
  <testcase name="Ticketing" time="88.418" classname="org.CancellationPolicy.AirDomesticOWAllpassengerCancellation"/>
</testsuite> <!-- org.CancellationPolicy.AirDomesticOWAllpassengerCancellation -->
