<?xml version="1.0" encoding="UTF-8"?>
<!-- Generated by org.testng.reporters.JUnitReportReporter -->
<testsuite name="org.FlightBookings.DomesticOnewaybyCU" tests="2" time="190.259" ignored="0" failures="0" timestamp="06 May 2026 12:44:46 GMT" skipped="0" hostname="ISS-L-269" errors="0">
  <testcase name="AirOWdomesticbooking" time="84.917" classname="org.FlightBookings.DomesticOnewaybyCU"/>
  <testcase name="ApprovetheRequest" time="105.342" classname="org.FlightBookings.DomesticOnewaybyCU"/>
</testsuite> <!-- org.FlightBookings.DomesticOnewaybyCU -->
